<?xml version="1.0" encoding="UTF-8"?>
<!-- Generated by org.testng.reporters.JUnitReportReporter -->
<testsuite hostname="DESKTOP-9OFU607" failures="0" tests="2" name="testCases.LoginPageTest" time="15.931" errors="0" timestamp="2021-11-09T23:24:01 CST" skipped="0">
  <testcase classname="testCases.LoginPageTest" name="loginTest" time="7.991"/>
  <system-out/>
  <testcase classname="testCases.LoginPageTest" name="loginpageTitleTest" time="7.940"/>
  <system-out/>
</testsuite> <!-- testCases.LoginPageTest -->
