<?xml version="1.0" encoding="UTF-8"?>
<!-- Generated by org.testng.reporters.JUnitReportReporter -->
<testsuite hostname="DESKTOP-9OFU607" failures="0" tests="1" name="base.TestBase" time="3.255" errors="0" timestamp="2021-11-09T23:16:09 CST" skipped="0">
  <testcase classname="base.TestBase" name="initializeDriver" time="3.255"/>
  <system-out/>
</testsuite> <!-- base.TestBase -->
